<?xml version="1.0" encoding="UTF-8"?>
<!-- Generated by org.testng.reporters.JUnitXMLReporter -->
<testsuite hostname="hms-update4" name="FirefoxTest" tests="4" failures="0" timestamp="1 Mar 2017 13:03:55 GMT" time="18.332" errors="0">
  <testcase name="testParameterWithXML" time="2.172" classname="SamplePackage.SampleTest"/>
  <testcase name="testParameterWithXML1" time="1.007" classname="SamplePackage.SampleTest"/>
  <testcase name="testParameterWithXML2" time="1.597" classname="SamplePackage.SampleTest1"/>
  <testcase name="testParameterWithXML3" time="0.932" classname="SamplePackage.SampleTest1"/>
</testsuite> <!-- FirefoxTest -->
