<?xml version="1.0" encoding="UTF-8"?>
<!-- Generated by org.testng.reporters.JUnitXMLReporter -->
<testsuite hostname="hms-update4" name="IETest" tests="4" failures="0" timestamp="1 Mar 2017 13:03:53 GMT" time="16.313" errors="0">
  <testcase name="testParameterWithXML" time="2.377" classname="SamplePackage.SampleTest"/>
  <testcase name="testParameterWithXML1" time="1.263" classname="SamplePackage.SampleTest"/>
  <testcase name="testParameterWithXML2" time="2.347" classname="SamplePackage.SampleTest1"/>
  <testcase name="testParameterWithXML3" time="1.157" classname="SamplePackage.SampleTest1"/>
</testsuite> <!-- IETest -->
