<?xml version="1.0" encoding="UTF-8"?>
<testng-results skipped="0" failed="0" total="1" passed="1">
  <reporter-output>
  </reporter-output>
  <suite name="Default suite" duration-ms="35146" started-at="2017-03-29T06:19:41Z" finished-at="2017-03-29T06:20:16Z">
    <groups>
    </groups>
    <test name="Default test" duration-ms="35146" started-at="2017-03-29T06:19:41Z" finished-at="2017-03-29T06:20:16Z">
      <class name="SamplePackage.Cookies">
        <test-method status="PASS" signature="addCookie()[pri:0, instance:SamplePackage.Cookies@bbc1e0]" name="addCookie" duration-ms="35113" started-at="2017-03-29T11:49:41Z" finished-at="2017-03-29T11:50:16Z">
          <reporter-output>
          </reporter-output>
        </test-method> <!-- addCookie -->
      </class> <!-- SamplePackage.Cookies -->
    </test> <!-- Default test -->
  </suite> <!-- Default suite -->
</testng-results>
